<?xml version="1.0" encoding="UTF-8"?>
<robot generator="Robot 5.0 (Python 3.10.0 on win32)" generated="20220427 22:04:50.594" rpa="false" schemaversion="3">
<suite id="s1" name="Consulta Petz" source="C:\Users\bearu\PycharmProjects\133PetsRobotFramework\consulta_petz.robot">
<test id="s1-t1" name="Consulta Produto com Clique na Lupa" line="15">
<kw name="Dado que acesso o site">
<kw name="Open Browser" library="SeleniumLibrary">
<arg>${url}</arg>
<arg>${browser}</arg>
<doc>Opens a new browser instance to the optional ``url``.</doc>
<msg timestamp="20220427 22:04:50.869" level="INFO">Opening browser 'Chrome' to base url 'https://www.petz.com.br'.</msg>
<status status="PASS" starttime="20220427 22:04:50.868" endtime="20220427 22:04:55.873"/>
</kw>
<status status="PASS" starttime="20220427 22:04:50.868" endtime="20220427 22:04:55.874"/>
</kw>
<kw name="Quando escrevo &quot;Ração&quot; na barra de pesquisa" sourcename="Quando escrevo &quot;${palavra_chave}&quot; na barra de pesquisa">
<kw name="Convert To Upper Case" library="String">
<arg>${palavra_chave}</arg>
<doc>Converts string to upper case.</doc>
<status status="PASS" starttime="20220427 22:04:55.875" endtime="20220427 22:04:55.875"/>
</kw>
<kw name="Set Test Variable" library="BuiltIn">
<arg>${palavra_chave}</arg>
<doc>Makes a variable available everywhere within the scope of the current test.</doc>
<msg timestamp="20220427 22:04:55.876" level="INFO">${palavra_chave} = Ração</msg>
<status status="PASS" starttime="20220427 22:04:55.876" endtime="20220427 22:04:55.876"/>
</kw>
<kw name="Input Text" library="SeleniumLibrary">
<arg>name = q</arg>
<arg>${palavra_chave}</arg>
<doc>Types the given ``text`` into the text field identified by ``locator``.</doc>
<msg timestamp="20220427 22:04:55.877" level="INFO">Typing text 'Ração' into text field 'name = q'.</msg>
<status status="PASS" starttime="20220427 22:04:55.876" endtime="20220427 22:04:56.024"/>
</kw>
<status status="PASS" starttime="20220427 22:04:55.874" endtime="20220427 22:04:56.024"/>
</kw>
<kw name="E clico no botao da lupa">
<kw name="Click Button" library="SeleniumLibrary">
<arg>class = button-search</arg>
<doc>Clicks the button identified by ``locator``.</doc>
<msg timestamp="20220427 22:04:56.026" level="INFO">Clicking button 'class = button-search'.</msg>
<status status="PASS" starttime="20220427 22:04:56.025" endtime="20220427 22:04:59.318"/>
</kw>
<status status="PASS" starttime="20220427 22:04:56.025" endtime="20220427 22:04:59.318"/>
</kw>
<kw name="Entao exibe um grid e a frase do resultado esperado">
<kw name="Element Should Contain" library="SeleniumLibrary">
<arg>css = h1.h2Categoria.nomeCategoria</arg>
<arg>RESULTADOS PARA "${palavra_chave}"</arg>
<doc>Verifies that element ``locator`` contains text ``expected``.</doc>
<msg timestamp="20220427 22:04:59.579" level="INFO" html="true">&lt;/td&gt;&lt;/tr&gt;&lt;tr&gt;&lt;td colspan="3"&gt;&lt;a href="selenium-screenshot-10.png"&gt;&lt;img src="selenium-screenshot-10.png" width="800px"&gt;&lt;/a&gt;</msg>
<msg timestamp="20220427 22:04:59.580" level="FAIL">Element 'css = h1.h2Categoria.nomeCategoria' should have contained text 'RESULTADOS PARA "Ração"' but its text was 'RESULTADOS PARA "RAÇÃO"'.</msg>
<status status="FAIL" starttime="20220427 22:04:59.319" endtime="20220427 22:04:59.582"/>
</kw>
<status status="FAIL" starttime="20220427 22:04:59.318" endtime="20220427 22:04:59.582"/>
</kw>
<kw name="Close Browser" library="SeleniumLibrary" type="TEARDOWN">
<doc>Closes the current browser.</doc>
<status status="PASS" starttime="20220427 22:04:59.583" endtime="20220427 22:05:01.947"/>
</kw>
<tag>lupa</tag>
<status status="FAIL" starttime="20220427 22:04:50.867" endtime="20220427 22:05:01.948">Element 'css = h1.h2Categoria.nomeCategoria' should have contained text 'RESULTADOS PARA "Ração"' but its text was 'RESULTADOS PARA "RAÇÃO"'.</status>
</test>
<test id="s1-t2" name="Consulta Produto Apertando Enter" line="22">
<kw name="Dado que acesso o site">
<kw name="Open Browser" library="SeleniumLibrary">
<arg>${url}</arg>
<arg>${browser}</arg>
<doc>Opens a new browser instance to the optional ``url``.</doc>
<msg timestamp="20220427 22:05:01.955" level="INFO">Opening browser 'Chrome' to base url 'https://www.petz.com.br'.</msg>
<status status="PASS" starttime="20220427 22:05:01.954" endtime="20220427 22:05:06.617"/>
</kw>
<status status="PASS" starttime="20220427 22:05:01.954" endtime="20220427 22:05:06.617"/>
</kw>
<kw name="Quando escrevo &quot;Coleira&quot; na barra de pesquisa" sourcename="Quando escrevo &quot;${palavra_chave}&quot; na barra de pesquisa">
<kw name="Convert To Upper Case" library="String">
<arg>${palavra_chave}</arg>
<doc>Converts string to upper case.</doc>
<status status="PASS" starttime="20220427 22:05:06.618" endtime="20220427 22:05:06.618"/>
</kw>
<kw name="Set Test Variable" library="BuiltIn">
<arg>${palavra_chave}</arg>
<doc>Makes a variable available everywhere within the scope of the current test.</doc>
<msg timestamp="20220427 22:05:06.618" level="INFO">${palavra_chave} = Coleira</msg>
<status status="PASS" starttime="20220427 22:05:06.618" endtime="20220427 22:05:06.619"/>
</kw>
<kw name="Input Text" library="SeleniumLibrary">
<arg>name = q</arg>
<arg>${palavra_chave}</arg>
<doc>Types the given ``text`` into the text field identified by ``locator``.</doc>
<msg timestamp="20220427 22:05:06.619" level="INFO">Typing text 'Coleira' into text field 'name = q'.</msg>
<status status="PASS" starttime="20220427 22:05:06.619" endtime="20220427 22:05:06.734"/>
</kw>
<status status="PASS" starttime="20220427 22:05:06.618" endtime="20220427 22:05:06.734"/>
</kw>
<kw name="E aperto o Enter">
<kw name="Press Keys" library="SeleniumLibrary">
<arg>name = q</arg>
<arg>ENTER</arg>
<doc>Simulates the user pressing key(s) to an element or on the active browser.</doc>
<msg timestamp="20220427 22:05:06.735" level="INFO">Sending key(s) ('ENTER',) to name = q element.</msg>
<msg timestamp="20220427 22:05:07.257" level="INFO">Pressing special key ENTER to element.</msg>
<msg timestamp="20220427 22:05:07.257" level="INFO">Releasing special key ENTER.</msg>
<status status="PASS" starttime="20220427 22:05:06.735" endtime="20220427 22:05:10.508"/>
</kw>
<status status="PASS" starttime="20220427 22:05:06.734" endtime="20220427 22:05:10.509"/>
</kw>
<kw name="Entao exibe um grid e a frase do resultado esperado">
<kw name="Element Should Contain" library="SeleniumLibrary">
<arg>css = h1.h2Categoria.nomeCategoria</arg>
<arg>RESULTADOS PARA "${palavra_chave}"</arg>
<doc>Verifies that element ``locator`` contains text ``expected``.</doc>
<msg timestamp="20220427 22:05:10.704" level="INFO" html="true">&lt;/td&gt;&lt;/tr&gt;&lt;tr&gt;&lt;td colspan="3"&gt;&lt;a href="selenium-screenshot-11.png"&gt;&lt;img src="selenium-screenshot-11.png" width="800px"&gt;&lt;/a&gt;</msg>
<msg timestamp="20220427 22:05:10.704" level="FAIL">Element 'css = h1.h2Categoria.nomeCategoria' should have contained text 'RESULTADOS PARA "Coleira"' but its text was 'RESULTADOS PARA "COLEIRA"'.</msg>
<status status="FAIL" starttime="20220427 22:05:10.512" endtime="20220427 22:05:10.705"/>
</kw>
<status status="FAIL" starttime="20220427 22:05:10.511" endtime="20220427 22:05:10.706"/>
</kw>
<kw name="Close Browser" library="SeleniumLibrary" type="TEARDOWN">
<doc>Closes the current browser.</doc>
<status status="PASS" starttime="20220427 22:05:10.707" endtime="20220427 22:05:12.949"/>
</kw>
<tag>enter</tag>
<status status="FAIL" starttime="20220427 22:05:01.952" endtime="20220427 22:05:12.949">Element 'css = h1.h2Categoria.nomeCategoria' should have contained text 'RESULTADOS PARA "Coleira"' but its text was 'RESULTADOS PARA "COLEIRA"'.</status>
</test>
<doc>Consultas no site da Petz</doc>
<status status="FAIL" starttime="20220427 22:04:50.596" endtime="20220427 22:05:12.951"/>
</suite>
<statistics>
<total>
<stat pass="0" fail="2" skip="0">All Tests</stat>
</total>
<tag>
<stat pass="0" fail="1" skip="0">enter</stat>
<stat pass="0" fail="1" skip="0">lupa</stat>
</tag>
<suite>
<stat pass="0" fail="2" skip="0" id="s1" name="Consulta Petz">Consulta Petz</stat>
</suite>
</statistics>
<errors>
</errors>
</robot>
