<?xml version="1.0" encoding="UTF-8"?>
<robot generator="Robot 5.0 (Python 3.10.0 on win32)" generated="20220523 21:30:06.909" rpa="false" schemaversion="3">
<suite id="s1" name="Compra Blazedemo" source="C:\Users\bearu\PycharmProjects\133PetsRobotFramework\compra_blazedemo.robot">
<test id="s1-t1" name="Compra de Passagem" line="15">
<kw name="Open Browser" library="SeleniumLibrary" type="SETUP">
<arg>${url}</arg>
<arg>${browser}</arg>
<doc>Opens a new browser instance to the optional ``url``.</doc>
<msg timestamp="20220523 21:30:07.188" level="INFO">Opening browser 'Chrome' to base url 'https://www.blazedemo.com'.</msg>
<status status="PASS" starttime="20220523 21:30:07.188" endtime="20220523 21:30:10.167"/>
</kw>
<kw name="Dado que acesso o site blazedemo">
<kw name="Wait Until Element Is Visible" library="SeleniumLibrary">
<arg>xpath = //h1</arg>
<arg>30000ms</arg>
<doc>Waits until the element ``locator`` is visible.</doc>
<status status="PASS" starttime="20220523 21:30:10.169" endtime="20220523 21:30:10.205"/>
</kw>
<status status="PASS" starttime="20220523 21:30:10.168" endtime="20220523 21:30:10.205"/>
</kw>
<kw name="Quando seleciono a origem como &quot;São Paolo&quot;" sourcename="Quando seleciono a origem como &quot;${origem}&quot;">
<kw name="Set Test Variable" library="BuiltIn">
<arg>${origem}</arg>
<doc>Makes a variable available everywhere within the scope of the current test.</doc>
<msg timestamp="20220523 21:30:10.206" level="INFO">${origem} = São Paolo</msg>
<status status="PASS" starttime="20220523 21:30:10.206" endtime="20220523 21:30:10.206"/>
</kw>
<kw name="Select From List By Label" library="SeleniumLibrary">
<arg>name = fromPort</arg>
<arg>${origem}</arg>
<doc>Selects options from selection list ``locator`` by ``labels``.</doc>
<msg timestamp="20220523 21:30:10.207" level="INFO">Selecting options from selection list 'name = fromPort' by label São Paolo.</msg>
<status status="PASS" starttime="20220523 21:30:10.206" endtime="20220523 21:30:10.263"/>
</kw>
<status status="PASS" starttime="20220523 21:30:10.206" endtime="20220523 21:30:10.264"/>
</kw>
<kw name="E o destino como &quot;London&quot;" sourcename="E o destino como &quot;${destino}&quot;">
<kw name="Set Test Variable" library="BuiltIn">
<arg>${destino}</arg>
<doc>Makes a variable available everywhere within the scope of the current test.</doc>
<msg timestamp="20220523 21:30:10.268" level="INFO">${destino} = London</msg>
<status status="PASS" starttime="20220523 21:30:10.267" endtime="20220523 21:30:10.268"/>
</kw>
<kw name="Select From List By Label" library="SeleniumLibrary">
<arg>name = toPort</arg>
<arg>${destino}</arg>
<doc>Selects options from selection list ``locator`` by ``labels``.</doc>
<msg timestamp="20220523 21:30:10.269" level="INFO">Selecting options from selection list 'name = toPort' by label London.</msg>
<status status="PASS" starttime="20220523 21:30:10.268" endtime="20220523 21:30:10.325"/>
</kw>
<status status="PASS" starttime="20220523 21:30:10.266" endtime="20220523 21:30:10.325"/>
</kw>
<kw name="E clico no botão Find Flights">
<kw name="Click Button" library="SeleniumLibrary">
<arg>class = btn.btn-primary</arg>
<doc>Clicks the button identified by ``locator``.</doc>
<msg timestamp="20220523 21:30:10.326" level="INFO">Clicking button 'class = btn.btn-primary'.</msg>
<status status="PASS" starttime="20220523 21:30:10.326" endtime="20220523 21:30:10.801"/>
</kw>
<status status="PASS" starttime="20220523 21:30:10.325" endtime="20220523 21:30:10.806"/>
</kw>
<kw name="Entao exibe uma lista de voos para o trecho desejado">
<kw name="Wait Until Element Is Visible" library="SeleniumLibrary">
<arg>xpath = //h3</arg>
<arg>30000ms</arg>
<doc>Waits until the element ``locator`` is visible.</doc>
<status status="PASS" starttime="20220523 21:30:10.818" endtime="20220523 21:30:10.871"/>
</kw>
<kw name="Element Should Contain" library="SeleniumLibrary">
<arg>xpath = //h3</arg>
<arg>Flights from ${origem} to ${destino}</arg>
<doc>Verifies that element ``locator`` contains text ``expected``.</doc>
<msg timestamp="20220523 21:30:10.895" level="INFO">Element 'xpath = //h3' contains text 'Flights from São Paolo to London'.</msg>
<status status="PASS" starttime="20220523 21:30:10.873" endtime="20220523 21:30:10.896"/>
</kw>
<status status="PASS" starttime="20220523 21:30:10.814" endtime="20220523 21:30:10.896"/>
</kw>
<kw name="Quando seleciono o primeiro voo disponivel">
<kw name="Click Button" library="SeleniumLibrary">
<arg>class = btn.btn-small</arg>
<doc>Clicks the button identified by ``locator``.</doc>
<msg timestamp="20220523 21:30:10.899" level="INFO">Clicking button 'class = btn.btn-small'.</msg>
<status status="PASS" starttime="20220523 21:30:10.899" endtime="20220523 21:30:11.410"/>
</kw>
<status status="PASS" starttime="20220523 21:30:10.899" endtime="20220523 21:30:11.410"/>
</kw>
<kw name="E preencho o nome como &quot;Juca&quot;" sourcename="E preencho o nome como &quot;${nome}&quot;">
<kw name="Wait Until Element Is Enabled" library="SeleniumLibrary">
<arg>id = inputName</arg>
<doc>Waits until the element ``locator`` is enabled.</doc>
<status status="PASS" starttime="20220523 21:30:11.411" endtime="20220523 21:30:11.458"/>
</kw>
<kw name="Input Text" library="SeleniumLibrary">
<arg>id = inputName</arg>
<arg>${nome}</arg>
<doc>Types the given ``text`` into the text field identified by ``locator``.</doc>
<msg timestamp="20220523 21:30:11.459" level="INFO">Typing text 'Juca' into text field 'id = inputName'.</msg>
<status status="PASS" starttime="20220523 21:30:11.459" endtime="20220523 21:30:11.549"/>
</kw>
<status status="PASS" starttime="20220523 21:30:11.411" endtime="20220523 21:30:11.549"/>
</kw>
<kw name="E seleciono o cartao como &quot;American Express&quot;" sourcename="E seleciono o cartao como &quot;${bandeira}&quot;">
<kw name="Select From List By Label" library="SeleniumLibrary">
<arg>id = cardType</arg>
<arg>${bandeira}</arg>
<doc>Selects options from selection list ``locator`` by ``labels``.</doc>
<msg timestamp="20220523 21:30:11.550" level="INFO">Selecting options from selection list 'id = cardType' by label American Express.</msg>
<status status="PASS" starttime="20220523 21:30:11.550" endtime="20220523 21:30:11.605"/>
</kw>
<status status="PASS" starttime="20220523 21:30:11.549" endtime="20220523 21:30:11.606"/>
</kw>
<kw name="E marco a opcao Remember">
<kw name="Select Checkbox" library="SeleniumLibrary">
<arg>id = rememberMe</arg>
<doc>Selects the checkbox identified by ``locator``.</doc>
<msg timestamp="20220523 21:30:11.607" level="INFO">Selecting checkbox 'id = rememberMe'.</msg>
<status status="PASS" starttime="20220523 21:30:11.607" endtime="20220523 21:30:11.686"/>
</kw>
<status status="PASS" starttime="20220523 21:30:11.606" endtime="20220523 21:30:11.687"/>
</kw>
<kw name="E clico em Purchase Flight">
<kw name="Click Button" library="SeleniumLibrary">
<arg>class = btn.btn-primary</arg>
<doc>Clicks the button identified by ``locator``.</doc>
<msg timestamp="20220523 21:30:11.688" level="INFO">Clicking button 'class = btn.btn-primary'.</msg>
<status status="PASS" starttime="20220523 21:30:11.688" endtime="20220523 21:30:12.096"/>
</kw>
<status status="PASS" starttime="20220523 21:30:11.688" endtime="20220523 21:30:12.097"/>
</kw>
<kw name="Entao exibe a mensagem de obrigado">
<kw name="Wait Until Element Is Visible" library="SeleniumLibrary">
<arg>xpath = //h1</arg>
<doc>Waits until the element ``locator`` is visible.</doc>
<status status="PASS" starttime="20220523 21:30:12.098" endtime="20220523 21:30:12.133"/>
</kw>
<kw name="Element Should Contain" library="SeleniumLibrary">
<arg>xpath = //h1</arg>
<arg>Thank you for your purchase today!</arg>
<doc>Verifies that element ``locator`` contains text ``expected``.</doc>
<msg timestamp="20220523 21:30:12.159" level="INFO">Element 'xpath = //h1' contains text 'Thank you for your purchase today!'.</msg>
<status status="PASS" starttime="20220523 21:30:12.134" endtime="20220523 21:30:12.159"/>
</kw>
<status status="PASS" starttime="20220523 21:30:12.098" endtime="20220523 21:30:12.160"/>
</kw>
<kw name="E o valor como &quot;555 USD&quot;" sourcename="E o valor como &quot;${preco}&quot;">
<kw name="Element Should Contain" library="SeleniumLibrary">
<arg>xpath = //tbody/tr[3]/td[2]</arg>
<arg>${preco}</arg>
<doc>Verifies that element ``locator`` contains text ``expected``.</doc>
<msg timestamp="20220523 21:30:12.192" level="INFO">Element 'xpath = //tbody/tr[3]/td[2]' contains text '555 USD'.</msg>
<status status="PASS" starttime="20220523 21:30:12.161" endtime="20220523 21:30:12.192"/>
</kw>
<status status="PASS" starttime="20220523 21:30:12.161" endtime="20220523 21:30:12.193"/>
</kw>
<kw name="Close Browser" library="SeleniumLibrary" type="TEARDOWN">
<doc>Closes the current browser.</doc>
<status status="PASS" starttime="20220523 21:30:12.194" endtime="20220523 21:30:14.449"/>
</kw>
<tag>Regressao</tag>
<status status="PASS" starttime="20220523 21:30:07.187" endtime="20220523 21:30:14.450"/>
</test>
<doc>Teste do Site BlazeDemo</doc>
<status status="PASS" starttime="20220523 21:30:06.913" endtime="20220523 21:30:14.451"/>
</suite>
<statistics>
<total>
<stat pass="1" fail="0" skip="0">All Tests</stat>
</total>
<tag>
<stat pass="1" fail="0" skip="0">Regressao</stat>
</tag>
<suite>
<stat pass="1" fail="0" skip="0" id="s1" name="Compra Blazedemo">Compra Blazedemo</stat>
</suite>
</statistics>
<errors>
</errors>
</robot>
