<?xml version="1.0" encoding="UTF-8"?>
<robot generator="Robot 5.0 (Python 3.10.0 on win32)" generated="20220428 16:37:51.893" rpa="false" schemaversion="3">
<suite id="s1" name="Consulta Petz" source="C:\Users\bearu\PycharmProjects\133PetsRobotFramework\consulta_petz.robot">
<test id="s1-t1" name="Consulta Produto com Clique na Lupa" line="15">
<kw name="Dado que acesso o site">
<kw name="Open Browser" library="SeleniumLibrary">
<arg>${url}</arg>
<arg>${browser}</arg>
<doc>Opens a new browser instance to the optional ``url``.</doc>
<msg timestamp="20220428 16:37:52.130" level="INFO">Opening browser 'Chrome' to base url 'https://www.petz.com.br'.</msg>
<status status="PASS" starttime="20220428 16:37:52.130" endtime="20220428 16:37:56.509"/>
</kw>
<status status="PASS" starttime="20220428 16:37:52.130" endtime="20220428 16:37:56.509"/>
</kw>
<kw name="Quando escrevo &quot;Ração&quot; na barra de pesquisa" sourcename="Quando escrevo &quot;${palavra_chave}&quot; na barra de pesquisa">
<kw name="Set Test Variable" library="BuiltIn">
<arg>${palavra_chave}</arg>
<doc>Makes a variable available everywhere within the scope of the current test.</doc>
<msg timestamp="20220428 16:37:56.511" level="INFO">${palavra_chave} = Ração</msg>
<status status="PASS" starttime="20220428 16:37:56.510" endtime="20220428 16:37:56.511"/>
</kw>
<kw name="Input Text" library="SeleniumLibrary">
<arg>name = q</arg>
<arg>${palavra_chave}</arg>
<doc>Types the given ``text`` into the text field identified by ``locator``.</doc>
<msg timestamp="20220428 16:37:56.512" level="INFO">Typing text 'Ração' into text field 'name = q'.</msg>
<status status="PASS" starttime="20220428 16:37:56.511" endtime="20220428 16:37:56.611"/>
</kw>
<status status="PASS" starttime="20220428 16:37:56.510" endtime="20220428 16:37:56.611"/>
</kw>
<kw name="E clico no botao da lupa">
<kw name="Click Element" library="SeleniumLibrary">
<arg>class = button-search</arg>
<doc>Click the element identified by ``locator``.</doc>
<msg timestamp="20220428 16:37:56.611" level="INFO">Clicking element 'class = button-search'.</msg>
<status status="PASS" starttime="20220428 16:37:56.611" endtime="20220428 16:37:59.537"/>
</kw>
<status status="PASS" starttime="20220428 16:37:56.611" endtime="20220428 16:37:59.537"/>
</kw>
<kw name="Entao exibe um grid e a frase do resultado esperado">
<kw name="Convert To Upper Case" library="String">
<var>${palavra_chave_upper}</var>
<arg>${palavra_chave}</arg>
<doc>Converts string to upper case.</doc>
<msg timestamp="20220428 16:37:59.538" level="INFO">${palavra_chave_upper} = RAÇÃO</msg>
<status status="PASS" starttime="20220428 16:37:59.538" endtime="20220428 16:37:59.538"/>
</kw>
<kw name="Element Should Contain" library="SeleniumLibrary">
<arg>css = h1.h2Categoria.nomeCategoria</arg>
<arg>RESULTADOS PARA "${palavra_chave_upper}"</arg>
<doc>Verifies that element ``locator`` contains text ``expected``.</doc>
<msg timestamp="20220428 16:37:59.574" level="INFO">Element 'css = h1.h2Categoria.nomeCategoria' contains text 'RESULTADOS PARA "RAÇÃO"'.</msg>
<status status="PASS" starttime="20220428 16:37:59.538" endtime="20220428 16:37:59.574"/>
</kw>
<status status="PASS" starttime="20220428 16:37:59.537" endtime="20220428 16:37:59.574"/>
</kw>
<kw name="Close Browser" library="SeleniumLibrary" type="TEARDOWN">
<doc>Closes the current browser.</doc>
<status status="PASS" starttime="20220428 16:37:59.575" endtime="20220428 16:38:01.823"/>
</kw>
<tag>lupa</tag>
<status status="PASS" starttime="20220428 16:37:52.128" endtime="20220428 16:38:01.824"/>
</test>
<test id="s1-t2" name="Consulta Produto Apertando Enter" line="22">
<kw name="Dado que acesso o site">
<kw name="Open Browser" library="SeleniumLibrary">
<arg>${url}</arg>
<arg>${browser}</arg>
<doc>Opens a new browser instance to the optional ``url``.</doc>
<msg timestamp="20220428 16:38:01.829" level="INFO">Opening browser 'Chrome' to base url 'https://www.petz.com.br'.</msg>
<status status="PASS" starttime="20220428 16:38:01.829" endtime="20220428 16:38:06.207"/>
</kw>
<status status="PASS" starttime="20220428 16:38:01.828" endtime="20220428 16:38:06.207"/>
</kw>
<kw name="Quando escrevo &quot;Coleira&quot; na barra de pesquisa" sourcename="Quando escrevo &quot;${palavra_chave}&quot; na barra de pesquisa">
<kw name="Set Test Variable" library="BuiltIn">
<arg>${palavra_chave}</arg>
<doc>Makes a variable available everywhere within the scope of the current test.</doc>
<msg timestamp="20220428 16:38:06.208" level="INFO">${palavra_chave} = Coleira</msg>
<status status="PASS" starttime="20220428 16:38:06.208" endtime="20220428 16:38:06.209"/>
</kw>
<kw name="Input Text" library="SeleniumLibrary">
<arg>name = q</arg>
<arg>${palavra_chave}</arg>
<doc>Types the given ``text`` into the text field identified by ``locator``.</doc>
<msg timestamp="20220428 16:38:06.209" level="INFO">Typing text 'Coleira' into text field 'name = q'.</msg>
<status status="PASS" starttime="20220428 16:38:06.209" endtime="20220428 16:38:06.313"/>
</kw>
<status status="PASS" starttime="20220428 16:38:06.207" endtime="20220428 16:38:06.314"/>
</kw>
<kw name="E aperto o Enter">
<kw name="Press Keys" library="SeleniumLibrary">
<arg>name = q</arg>
<arg>ENTER</arg>
<doc>Simulates the user pressing key(s) to an element or on the active browser.</doc>
<msg timestamp="20220428 16:38:06.315" level="INFO">Sending key(s) ('ENTER',) to name = q element.</msg>
<msg timestamp="20220428 16:38:06.754" level="INFO">Pressing special key ENTER to element.</msg>
<msg timestamp="20220428 16:38:06.754" level="INFO">Releasing special key ENTER.</msg>
<status status="PASS" starttime="20220428 16:38:06.314" endtime="20220428 16:38:09.113"/>
</kw>
<status status="PASS" starttime="20220428 16:38:06.314" endtime="20220428 16:38:09.113"/>
</kw>
<kw name="Entao exibe um grid e a frase do resultado esperado">
<kw name="Convert To Upper Case" library="String">
<var>${palavra_chave_upper}</var>
<arg>${palavra_chave}</arg>
<doc>Converts string to upper case.</doc>
<msg timestamp="20220428 16:38:09.115" level="INFO">${palavra_chave_upper} = COLEIRA</msg>
<status status="PASS" starttime="20220428 16:38:09.114" endtime="20220428 16:38:09.115"/>
</kw>
<kw name="Element Should Contain" library="SeleniumLibrary">
<arg>css = h1.h2Categoria.nomeCategoria</arg>
<arg>RESULTADOS PARA "${palavra_chave_upper}"</arg>
<doc>Verifies that element ``locator`` contains text ``expected``.</doc>
<msg timestamp="20220428 16:38:09.155" level="INFO">Element 'css = h1.h2Categoria.nomeCategoria' contains text 'RESULTADOS PARA "COLEIRA"'.</msg>
<status status="PASS" starttime="20220428 16:38:09.115" endtime="20220428 16:38:09.155"/>
</kw>
<status status="PASS" starttime="20220428 16:38:09.114" endtime="20220428 16:38:09.155"/>
</kw>
<kw name="Close Browser" library="SeleniumLibrary" type="TEARDOWN">
<doc>Closes the current browser.</doc>
<status status="PASS" starttime="20220428 16:38:09.156" endtime="20220428 16:38:11.372"/>
</kw>
<tag>enter</tag>
<status status="PASS" starttime="20220428 16:38:01.826" endtime="20220428 16:38:11.374"/>
</test>
<doc>Consultas no site da Petz</doc>
<status status="PASS" starttime="20220428 16:37:51.896" endtime="20220428 16:38:11.377"/>
</suite>
<statistics>
<total>
<stat pass="2" fail="0" skip="0">All Tests</stat>
</total>
<tag>
<stat pass="1" fail="0" skip="0">enter</stat>
<stat pass="1" fail="0" skip="0">lupa</stat>
</tag>
<suite>
<stat pass="2" fail="0" skip="0" id="s1" name="Consulta Petz">Consulta Petz</stat>
</suite>
</statistics>
<errors>
</errors>
</robot>
